INFO:root:
Données CSV: 
   Nom  Voeu 1  Voeu 2  Voeu 3 Voisin 1 Voisin 2  Voisin 3  Voisin 4
0   A       1       2       3        B        C       NaN       NaN
1   B       4       5       6        A      NaN       NaN       NaN
2   C       7       8       1        D      NaN       NaN       NaN
3   D       2       3       4        A        C       NaN       NaN
DEBUG:root:
Noms: 
 0    A
1    B
2    C
3    D
Name: Nom, dtype: object
DEBUG:root:
Matrice des coûts (<student>: <wanted room numbers>): 
 Room  1  2  3  4  5  6  7  8
Nom                         
A     1  1  1  0  0  0  0  0
B     0  0  0  1  1  1  0  0
C     1  0  0  0  0  0  1  1
D     0  1  1  1  0  0  0  0
DEBUG:root:
Matrice d'adjacence (<student>: <wanted neighbours>): 
 Nom  A  B  C  D
Nom            
A    0  1  1  0
B    1  0  0  0
C    0  0  0  1
D    1  0  1  0
DEBUG:root:
Matrice des coûts (<student>: <wanted room numbers>): 
 [[2 2 5 0 0 0 0 0]
 [0 0 0 3 1 1 0 0]
 [1 0 0 0 0 0 1 1]
 [0 3 2 2 0 0 0 0]]
DEBUG:root:
Résultat de l'affectation: 
 Nom
A    3
B    4
C    1
D    2
Name: Room, dtype: int64
DEBUG:root:
Données CSV: 
   Nom  Voeu 1  Voeu 2  Voeu 3 Voisin 1 Voisin 2  Voisin 3  Voisin 4  Rooms
0   A       1       2       3        B        C       NaN       NaN      3
1   B       4       5       6        A      NaN       NaN       NaN      4
2   C       7       8       1        D      NaN       NaN       NaN      1
3   D       2       3       4        A        C       NaN       NaN      2
